<?xml version="1.0" encoding="UTF-8"?>
<!-- Generated by org.testng.reporters.JUnitReportReporter -->
<testsuite hostname="SYN-1DM35BS" name="com.basic.MyTest" tests="3" failures="0" timestamp="3 Aug 2018 07:24:36 GMT" time="0.018" errors="0">
  <testcase name="test1" time="0.016" classname="com.basic.MyTest"/>
  <testcase name="test2" time="0.001" classname="com.basic.MyTest"/>
  <testcase name="test3" time="0.001" classname="com.basic.MyTest"/>
</testsuite> <!-- com.basic.MyTest -->
